d:\thedapperclam\documents\dev\projects\c++\spaceshooter\spaceshooter\x64\debug\vc143.pdb
d:\thedapperclam\documents\dev\projects\c++\spaceshooter\spaceshooter\x64\debug\vc143.idb
d:\thedapperclam\documents\dev\projects\c++\spaceshooter\spaceshooter\x64\debug\main.obj
d:\thedapperclam\documents\dev\projects\c++\spaceshooter\spaceshooter\x64\debug\ufo.obj
d:\thedapperclam\documents\dev\projects\c++\spaceshooter\spaceshooter\x64\debug\spaceshootergame.obj
d:\thedapperclam\documents\dev\projects\c++\spaceshooter\spaceshooter\x64\debug\ship.obj
d:\thedapperclam\documents\dev\projects\c++\spaceshooter\spaceshooter\x64\debug\scoreboard.obj
d:\thedapperclam\documents\dev\projects\c++\spaceshooter\spaceshooter\x64\debug\player.obj
d:\thedapperclam\documents\dev\projects\c++\spaceshooter\spaceshooter\x64\debug\meteor.obj
d:\thedapperclam\documents\dev\projects\c++\spaceshooter\spaceshooter\x64\debug\bullet.obj
d:\thedapperclam\documents\dev\projects\c++\spaceshooter\game_build\debug\spaceshooter.exe
d:\thedapperclam\documents\dev\projects\c++\spaceshooter\spaceshooter\x64\debug\spaceshooter.ilk
d:\thedapperclam\documents\dev\projects\c++\spaceshooter\game_build\debug\spaceshooter.pdb
d:\thedapperclam\documents\dev\projects\c++\spaceshooter\\game_build\debug\spaceshooter.pdb
d:\thedapperclam\documents\dev\projects\c++\spaceshooter\spaceshooter\x64\debug\spaceshooter.tlog\cl.command.1.tlog
d:\thedapperclam\documents\dev\projects\c++\spaceshooter\spaceshooter\x64\debug\spaceshooter.tlog\cl.read.1.tlog
d:\thedapperclam\documents\dev\projects\c++\spaceshooter\spaceshooter\x64\debug\spaceshooter.tlog\cl.write.1.tlog
d:\thedapperclam\documents\dev\projects\c++\spaceshooter\spaceshooter\x64\debug\spaceshooter.tlog\link.command.1.tlog
d:\thedapperclam\documents\dev\projects\c++\spaceshooter\spaceshooter\x64\debug\spaceshooter.tlog\link.read.1.tlog
d:\thedapperclam\documents\dev\projects\c++\spaceshooter\spaceshooter\x64\debug\spaceshooter.tlog\link.write.1.tlog
